[2026-01-05 06:25:36,797][  INFO][PID:3096787] Marking build as starting
[2026-01-05 06:25:36,868][  INFO][PID:3096787] Checking that /var/lib/copr/public_html/results/jayabbhi/open-fprintd-eh575/fedora-42-x86_64/repodata/repomd.xml exists
[2026-01-05 06:25:36,870][  INFO][PID:3096787] Checking for cancel request
[2026-01-05 06:25:36,871][  INFO][PID:3096787] VM allocation process starts
[2026-01-05 06:25:36,907][  INFO][PID:3096787] Trying to allocate VM: ResallocHost, ticket_id=656198, requested_tags=['copr_builder', 'arch_x86_64']
[2026-01-05 06:25:39,948][  INFO][PID:3096787] Allocated host ResallocHost, ticket_id=656198, hostname=44.223.4.254, name=aws_x86_64_normalreserved_prod_00918390_20260105_061003, requested_tags=['copr_builder', 'arch_x86_64']
[2026-01-05 06:25:39,948][  INFO][PID:3096787] Allocating ssh connection to builder
[2026-01-05 06:25:39,949][  INFO][PID:3096787] Checking that builder machine is OK
[2026-01-05 06:25:40,266][  INFO][PID:3096787] Running remote command: copr-builder-ready fedora-42-x86_64
[2026-01-05 06:25:40,471][  INFO][PID:3096787] Red Hat subscription not needed for fedora-42-x86_64
Builder is ready to be used

[2026-01-05 06:25:40,472][  INFO][PID:3096787] Filling build.info file with builder info
[2026-01-05 06:25:40,472][  INFO][PID:3096787] Checking for cancel request
[2026-01-05 06:25:40,473][  INFO][PID:3096787] Sending build state back to frontend: {
    "builds": [
        {
            "timeout": 18000,
            "frontend_base_url": "https://copr.fedorainfracloud.org",
            "memory_reqs": 2048,
            "enable_net": false,
            "project_owner": "jayabbhi",
            "project_name": "open-fprintd-eh575",
            "project_dirname": "open-fprintd-eh575",
            "submitter": "jayabbhi",
            "ended_on": null,
            "started_on": 1767594340.4735491,
            "submitted_on": null,
            "status": 3,
            "chroot": "fedora-42-x86_64",
            "arch": "x86_64",
            "buildroot_pkgs": [],
            "task_id": "9974860-fedora-42-x86_64",
            "build_id": 9974860,
            "package_name": "open-fprintd-eh575",
            "package_version": "0.1.0-1",
            "git_repo": "https://copr-dist-git.fedorainfracloud.org/git/jayabbhi/open-fprintd-eh575/open-fprintd-eh575",
            "git_hash": "4e56b6607428daa4baf908d5276cdd8d3bb12f3d",
            "git_branch": null,
            "source_type": null,
            "source_json": null,
            "pkg_name": null,
            "pkg_main_version": null,
            "pkg_epoch": null,
            "pkg_release": null,
            "srpm_url": null,
            "uses_devel_repo": false,
            "sandbox": "jayabbhi/open-fprintd-eh575--jayabbhi",
            "results": null,
            "appstream": false,
            "allow_user_ssh": false,
            "ssh_public_keys": null,
            "storage": 0,
            "repos": [
                {
                    "baseurl": "https://download.copr.fedorainfracloud.org/results/jayabbhi/open-fprintd-eh575/fedora-42-x86_64/",
                    "id": "copr_base",
                    "name": "Copr repository",
                    "priority": null
                }
            ],
            "background": false,
            "fedora_review": false,
            "isolation": "default",
            "repo_priority": null,
            "tags": [
                "arch_x86_64"
            ],
            "with_opts": [],
            "without_opts": [],
            "destdir": "/var/lib/copr/public_html/results/jayabbhi/open-fprintd-eh575",
            "results_repo_url": "https://download.copr.fedorainfracloud.org/results/jayabbhi/open-fprintd-eh575",
            "result_dir": "09974860-open-fprintd-eh575",
            "built_packages": "",
            "id": 9974860,
            "mockchain_macros": {
                "copr_username": "jayabbhi",
                "copr_projectname": "open-fprintd-eh575",
                "vendor": "Fedora Project COPR (jayabbhi/open-fprintd-eh575)"
            }
        }
    ]
}
[2026-01-05 06:25:40,518][  INFO][PID:3096787] Sending fedora-messaging bus message in build.start
[2026-01-05 06:25:41,015][  INFO][PID:3096787] Sending fedora-messaging bus message in chroot.start
[2026-01-05 06:25:41,664][  INFO][PID:3096787] Starting remote build: copr-rpmbuild --verbose --drop-resultdir --task-url https://copr.fedorainfracloud.org/backend/get-build-task/9974860-fedora-42-x86_64 --chroot fedora-42-x86_64 --detached
[2026-01-05 06:25:41,997][  INFO][PID:3096787] The copr-rpmbuild seems started, per:
stdout: 
stderr: Warning: Permanently added '44.223.4.254' (ED25519) to the list of known hosts.


[2026-01-05 06:25:41,997][  INFO][PID:3096787] Downloading the builder-live.log file, attempt 1
[2026-01-05 06:25:41,999][  INFO][PID:3096787] Popen command started: ssh -F /home/copr/.ssh/config mockbuilder@44.223.4.254 copr-rpmbuild-log
[2026-01-05 06:25:47,003][  INFO][PID:3096787] Periodic builder liveness probe: alive
[2026-01-05 06:25:47,003][  INFO][PID:3096787] Checking for cancel request
[2026-01-05 06:25:52,004][  INFO][PID:3096787] Checking for cancel request
[2026-01-05 06:25:57,005][  INFO][PID:3096787] Checking for cancel request
[2026-01-05 06:26:02,006][  INFO][PID:3096787] Checking for cancel request
[2026-01-05 06:26:07,007][  INFO][PID:3096787] Checking for cancel request
[2026-01-05 06:26:12,008][  INFO][PID:3096787] Checking for cancel request
[2026-01-05 06:26:17,009][  INFO][PID:3096787] Checking for cancel request
[2026-01-05 06:26:22,010][  INFO][PID:3096787] Checking for cancel request
[2026-01-05 06:26:27,011][  INFO][PID:3096787] Checking for cancel request
[2026-01-05 06:26:28,626][  INFO][PID:3096787] Downloading results from builder
[2026-01-05 06:26:28,626][  INFO][PID:3096787] rsyncing of mockbuilder@44.223.4.254:/var/lib/copr-rpmbuild/results/ to /var/lib/copr/public_html/results/jayabbhi/open-fprintd-eh575/fedora-42-x86_64/09974860-open-fprintd-eh575 started
[2026-01-05 06:26:28,627][  INFO][PID:3096787] Popen command started: /usr/bin/rsync -rltDvH --chmod=D755,F644 -e 'ssh -F /home/copr/.ssh/config' mockbuilder@44.223.4.254:/var/lib/copr-rpmbuild/results/ /var/lib/copr/public_html/results/jayabbhi/open-fprintd-eh575/fedora-42-x86_64/09974860-open-fprintd-eh575/ &> /var/lib/copr/public_html/results/jayabbhi/open-fprintd-eh575/fedora-42-x86_64/09974860-open-fprintd-eh575/build-09974860.rsync.log
[2026-01-05 06:26:28,846][  INFO][PID:3096787] rsyncing finished.
[2026-01-05 06:26:28,847][  INFO][PID:3096787] Releasing VM back to pool
[2026-01-05 06:26:28,855][  INFO][PID:3096787] Searching for 'success' file in resultdir
[2026-01-05 06:26:28,855][ ERROR][PID:3096787] Build failed: Backend process error: No success file => build failure
[2026-01-05 06:26:28,856][  INFO][PID:3096787] Finished build: id=9974860 failed=True timeout=18000 destdir=/var/lib/copr/public_html/results/jayabbhi/open-fprintd-eh575 chroot=fedora-42-x86_64 
[2026-01-05 06:26:28,857][ ERROR][PID:3096787] Backend process error: No success file => build failure
[2026-01-05 06:26:28,858][  INFO][PID:3096787] Worker failed build, took 48.384721517562866
[2026-01-05 06:26:28,858][  INFO][PID:3096787] Sending build state back to frontend: {
    "builds": [
        {
            "timeout": 18000,
            "frontend_base_url": "https://copr.fedorainfracloud.org",
            "memory_reqs": 2048,
            "enable_net": false,
            "project_owner": "jayabbhi",
            "project_name": "open-fprintd-eh575",
            "project_dirname": "open-fprintd-eh575",
            "submitter": "jayabbhi",
            "ended_on": 1767594388.8582706,
            "started_on": 1767594340.4735491,
            "submitted_on": null,
            "status": 0,
            "chroot": "fedora-42-x86_64",
            "arch": "x86_64",
            "buildroot_pkgs": [],
            "task_id": "9974860-fedora-42-x86_64",
            "build_id": 9974860,
            "package_name": "open-fprintd-eh575",
            "package_version": "0.1.0-1",
            "git_repo": "https://copr-dist-git.fedorainfracloud.org/git/jayabbhi/open-fprintd-eh575/open-fprintd-eh575",
            "git_hash": "4e56b6607428daa4baf908d5276cdd8d3bb12f3d",
            "git_branch": null,
            "source_type": null,
            "source_json": null,
            "pkg_name": null,
            "pkg_main_version": null,
            "pkg_epoch": null,
            "pkg_release": null,
            "srpm_url": null,
            "uses_devel_repo": false,
            "sandbox": "jayabbhi/open-fprintd-eh575--jayabbhi",
            "results": null,
            "appstream": false,
            "allow_user_ssh": false,
            "ssh_public_keys": null,
            "storage": 0,
            "repos": [
                {
                    "baseurl": "https://download.copr.fedorainfracloud.org/results/jayabbhi/open-fprintd-eh575/fedora-42-x86_64/",
                    "id": "copr_base",
                    "name": "Copr repository",
                    "priority": null
                }
            ],
            "background": false,
            "fedora_review": false,
            "isolation": "default",
            "repo_priority": null,
            "tags": [
                "arch_x86_64"
            ],
            "with_opts": [],
            "without_opts": [],
            "destdir": "/var/lib/copr/public_html/results/jayabbhi/open-fprintd-eh575",
            "results_repo_url": "https://download.copr.fedorainfracloud.org/results/jayabbhi/open-fprintd-eh575",
            "result_dir": "09974860-open-fprintd-eh575",
            "built_packages": "",
            "id": 9974860,
            "mockchain_macros": {
                "copr_username": "jayabbhi",
                "copr_projectname": "open-fprintd-eh575",
                "vendor": "Fedora Project COPR (jayabbhi/open-fprintd-eh575)"
            }
        }
    ]
}
[2026-01-05 06:26:28,904][  INFO][PID:3096787] Sending fedora-messaging bus message in build.end
[2026-01-05 06:26:28,929][  INFO][PID:3096787] Compressing /var/lib/copr/public_html/results/jayabbhi/open-fprintd-eh575/fedora-42-x86_64/09974860-open-fprintd-eh575/builder-live.log by gzip
[2026-01-05 06:26:28,930][  INFO][PID:3096787] Running command 'gzip /var/lib/copr/public_html/results/jayabbhi/open-fprintd-eh575/fedora-42-x86_64/09974860-open-fprintd-eh575/builder-live.log' as PID 3100220
[2026-01-05 06:26:28,934][  INFO][PID:3096787] Finished after 0 seconds with exit code 0 (gzip /var/lib/copr/public_html/results/jayabbhi/open-fprintd-eh575/fedora-42-x86_64/09974860-open-fprintd-eh575/builder-live.log)
[2026-01-05 06:26:28,935][  INFO][PID:3096787] Compressing /var/lib/copr/public_html/results/jayabbhi/open-fprintd-eh575/fedora-42-x86_64/09974860-open-fprintd-eh575/backend.log by gzip
[2026-01-05 06:26:28,936][  INFO][PID:3096787] Running command 'gzip /var/lib/copr/public_html/results/jayabbhi/open-fprintd-eh575/fedora-42-x86_64/09974860-open-fprintd-eh575/backend.log' as PID 3100221